<?xml version="1.0" encoding="UTF-8"?>
<!-- Generated by org.testng.reporters.JUnitReportReporter -->
<testsuite hostname="DESKTOP-NPHJ5EO" failures="0" tests="3" name="test_ng.disabled_test_case_execution" time="0.010" errors="0" timestamp="2022-06-16T22:09:10 IST" skipped="0">
  <testcase classname="test_ng.disabled_test_case_execution" name="TC_2" time="0.001"/>
  <system-out>
    <![CDATA[This is test case_2]]>
  </system-out>
  <testcase classname="test_ng.disabled_test_case_execution" name="TC_3" time="0.000"/>
  <system-out>
    <![CDATA[This is test case_3]]>
  </system-out>
  <testcase classname="test_ng.disabled_test_case_execution" name="TC_1" time="0.009"/>
  <system-out>
    <![CDATA[This is test case_1]]>
  </system-out>
</testsuite> <!-- test_ng.disabled_test_case_execution -->
