<?xml version="1.0" encoding="UTF-8"?>
<!-- Generated by org.testng.reporters.JUnitReportReporter -->
<testsuite hostname="DESKTOP-NPHJ5EO" failures="0" tests="7" name="test_ng.demo_1" time="0.035" errors="0" timestamp="2022-07-01T16:28:39 IST" skipped="1">
  <testcase classname="test_ng.demo_1" name="demo" time="0.004"/>
  <system-out/>
  <testcase classname="test_ng.demo_1" name="demo" time="0.006"/>
  <system-out/>
  <testcase classname="test_ng.demo_1" name="demo" time="0.004"/>
  <system-out/>
  <testcase classname="test_ng.demo_1" name="demo" time="0.011"/>
  <system-out/>
  <testcase classname="test_ng.demo_1" name="demo" time="0.005"/>
  <system-out/>
  <testcase classname="test_ng.demo_1" name="verify_user_id" time="0.005"/>
  <system-out/>
  <testcase classname="test_ng.demo_1" name="check_account">
    <skipped/>
  </testcase> <!-- check_account -->
  <system-out/>
</testsuite> <!-- test_ng.demo_1 -->
