<?xml version="1.0" encoding="UTF-8"?>
<!-- Generated by org.testng.reporters.JUnitReportReporter -->
<testsuite hostname="DESKTOP-NPHJ5EO" failures="0" tests="7" name="TestNG_1.Emailable_Report" time="0.027" errors="0" timestamp="2022-08-07T20:25:41 IST" skipped="0">
  <testcase classname="TestNG_1.Emailable_Report" name="m1" time="0.010"/>
  <system-out>
    <![CDATA[This is Test Case_1]]>
  </system-out>
  <testcase classname="TestNG_1.Emailable_Report" name="m1" time="0.003"/>
  <system-out>
    <![CDATA[This is Test Case_1]]>
  </system-out>
  <testcase classname="TestNG_1.Emailable_Report" name="m1" time="0.004"/>
  <system-out>
    <![CDATA[This is Test Case_1]]>
  </system-out>
  <testcase classname="TestNG_1.Emailable_Report" name="m1" time="0.001"/>
  <system-out>
    <![CDATA[This is Test Case_1]]>
  </system-out>
  <testcase classname="TestNG_1.Emailable_Report" name="m2" time="0.004"/>
  <system-out>
    <![CDATA[This is Test Case_2]]>
  </system-out>
  <testcase classname="TestNG_1.Emailable_Report" name="m3" time="0.001"/>
  <system-out>
    <![CDATA[This is Test Case_3]]>
  </system-out>
  <testcase classname="TestNG_1.Emailable_Report" name="m1" time="0.004"/>
  <system-out>
    <![CDATA[This is Test Case_1]]>
  </system-out>
</testsuite> <!-- TestNG_1.Emailable_Report -->
