<?xml version="1.0" encoding="UTF-8"?>
<!-- Generated by org.testng.reporters.JUnitReportReporter -->
<testsuite hostname="DESKTOP-NPHJ5EO" failures="0" tests="1" name="testeng_1.demo_" time="0.013" errors="0" timestamp="2022-06-26T09:27:25 IST" skipped="0">
  <testcase classname="testeng_1.demo_" name="assert_equals_1" time="0.013"/>
  <system-out/>
</testsuite> <!-- testeng_1.demo_ -->
