<?xml version="1.0" encoding="UTF-8"?>
<!-- Generated by org.testng.reporters.JUnitReportReporter -->
<testsuite hostname="DESKTOP-NPHJ5EO" failures="0" tests="1" name="TestNG_All_In_Program.annotation_" time="0.004" errors="0" timestamp="2022-06-26T11:09:22 IST" skipped="0">
  <testcase classname="TestNG_All_In_Program.annotation_" name="Verify_User_id" time="0.004"/>
  <system-out>
    <![CDATA[Verify user id_1]]>
  </system-out>
</testsuite> <!-- TestNG_All_In_Program.annotation_ -->
