<?xml version="1.0" encoding="UTF-8"?>
<!-- Generated by org.testng.reporters.JUnitReportReporter -->
<testsuite hostname="DESKTOP-NPHJ5EO" failures="0" tests="5" name="TestNg.priorities_1" time="0.014" errors="0" timestamp="2022-06-18T15:34:51 IST" skipped="0">
  <testcase classname="TestNg.priorities_1" name="m2" time="0.009"/>
  <system-out>
    <![CDATA[This should be run first]]>
  </system-out>
  <testcase classname="TestNg.priorities_1" name="m3" time="0.001"/>
  <system-out>
    <![CDATA[This should Be In Progress]]>
  </system-out>
  <testcase classname="TestNg.priorities_1" name="m4" time="0.002"/>
  <system-out>
    <![CDATA[This should be after In progress]]>
  </system-out>
  <testcase classname="TestNg.priorities_1" name="m1" time="0.001"/>
  <system-out>
    <![CDATA[This should be run last]]>
  </system-out>
  <testcase classname="TestNg.priorities_1" name="m5" time="0.001"/>
  <system-out>
    <![CDATA[This should be run after in Progress]]>
  </system-out>
</testsuite> <!-- TestNg.priorities_1 -->
