<?xml version="1.0" encoding="UTF-8"?>
<!-- Generated by org.testng.reporters.JUnitReportReporter -->
<testsuite hostname="DESKTOP-NPHJ5EO" failures="0" tests="1" name="testNg.openkite_app" time="0.022" errors="0" timestamp="2022-06-14T19:56:59 IST" skipped="0">
  <testcase classname="testNg.openkite_app" name="m1" time="0.022"/>
  <system-out>
    <![CDATA[Running method ]]>
  </system-out>
</testsuite> <!-- testNg.openkite_app -->
