<?xml version="1.0" encoding="UTF-8"?>
<!-- Generated by org.testng.reporters.JUnitReportReporter -->
<testsuite hostname="DESKTOP-NPHJ5EO" failures="0" tests="2" name="Test_Suite.sample_2" time="0.010" errors="0" timestamp="2022-07-03T15:26:43 IST" skipped="0">
  <testcase classname="Test_Suite.sample_2" name="tc3" time="0.008"/>
  <system-out/>
  <testcase classname="Test_Suite.sample_2" name="tc4" time="0.002"/>
  <system-out/>
</testsuite> <!-- Test_Suite.sample_2 -->
