<?xml version="1.0" encoding="UTF-8"?>
<!-- Generated by org.testng.reporters.JUnitReportReporter -->
<testsuite hostname="DESKTOP-NPHJ5EO" failures="0" tests="1" name="Test_Suite.parallel_2" time="19.311" errors="0" timestamp="2022-08-14T12:18:07 IST" skipped="0">
  <testcase classname="Test_Suite.parallel_2" name="openFacebookApp" time="19.311"/>
  <system-out/>
</testsuite> <!-- Test_Suite.parallel_2 -->
