<?xml version="1.0" encoding="UTF-8"?>
<!-- Generated by org.testng.reporters.JUnitReportReporter -->
<testsuite hostname="DESKTOP-NPHJ5EO" failures="0" tests="1" name="test_ng.emailable_report" time="0.013" errors="0" timestamp="2022-06-15T07:02:38 IST" skipped="0">
  <testcase classname="test_ng.emailable_report" name="m1" time="0.013"/>
  <system-out>
    <![CDATA[This is test Case]]>
  </system-out>
</testsuite> <!-- test_ng.emailable_report -->
