<?xml version="1.0" encoding="UTF-8"?>
<!-- Generated by org.testng.reporters.JUnitReportReporter -->
<testsuite hostname="DESKTOP-NPHJ5EO" failures="0" tests="2" name="test_ng.annotation_1" time="0.006" errors="0" timestamp="2022-08-21T23:30:33 IST" skipped="0">
  <testcase classname="test_ng.annotation_1" name="Test_Case_ID_2" time="0.002"/>
  <system-out>
    <![CDATA[Order]]>
  </system-out>
  <testcase classname="test_ng.annotation_1" name="Test_Case_ID_1" time="0.004"/>
  <system-out>
    <![CDATA[Verify userid_password]]>
  </system-out>
</testsuite> <!-- test_ng.annotation_1 -->
