<?xml version="1.0" encoding="UTF-8"?>
<!-- Generated by org.testng.reporters.JUnitReportReporter -->
<testsuite hostname="DESKTOP-NPHJ5EO" failures="0" tests="2" name="TestNg.assert_equals" time="0.010" errors="0" timestamp="2022-06-26T09:27:02 IST" skipped="0">
  <testcase classname="TestNg.assert_equals" name="assert_equals_2" time="0.001"/>
  <system-out/>
  <testcase classname="TestNg.assert_equals" name="assert_equals_1" time="0.009"/>
  <system-out/>
</testsuite> <!-- TestNg.assert_equals -->
