<?xml version="1.0" encoding="UTF-8"?>
<!-- Generated by org.testng.reporters.JUnitReportReporter -->
<testsuite hostname="DESKTOP-NPHJ5EO" failures="0" tests="1" name="test_ng.enabled" time="0.011" errors="0" timestamp="2022-06-15T07:09:00 IST" skipped="0">
  <testcase classname="test_ng.enabled" name="m2" time="0.011"/>
  <system-out>
    <![CDATA[Pass]]>
  </system-out>
</testsuite> <!-- test_ng.enabled -->
