<?xml version="1.0" encoding="UTF-8"?>
<!-- Generated by org.testng.reporters.JUnitReportReporter -->
<testsuite hostname="DESKTOP-NPHJ5EO" failures="0" tests="1" name="test_ng.annotations" time="0.006" errors="0" timestamp="2022-06-15T12:03:55 IST" skipped="0">
  <testcase classname="test_ng.annotations" name="Tc001" time="0.006"/>
  <system-out>
    <![CDATA[Running Test Case_1]]>
  </system-out>
</testsuite> <!-- test_ng.annotations -->
