<?xml version="1.0" encoding="UTF-8"?>
<!-- Generated by org.testng.reporters.JUnitReportReporter -->
<testsuite hostname="DESKTOP-NPHJ5EO" failures="0" tests="2" name="Test_Suite.sample_3" time="0.002" errors="0" timestamp="2022-06-15T13:19:24 IST" skipped="0">
  <testcase classname="Test_Suite.sample_3" name="TC_5" time="0.001"/>
  <system-out>
    <![CDATA[This_Is_Test_Case_5]]>
  </system-out>
  <testcase classname="Test_Suite.sample_3" name="TC_6" time="0.001"/>
  <system-out>
    <![CDATA[This_Is_Test_Case_6]]>
  </system-out>
</testsuite> <!-- Test_Suite.sample_3 -->
