<?xml version="1.0" encoding="UTF-8"?>
<!-- Generated by org.testng.reporters.JUnitReportReporter -->
<testsuite hostname="DESKTOP-NPHJ5EO" failures="0" tests="3" name="test_ng.fail_1" time="0.023" errors="0" timestamp="2022-07-03T16:35:23 IST" skipped="0">
  <testcase classname="test_ng.fail_1" name="TC1" time="0.023"/>
  <system-out>
    <![CDATA[running TC1]]>
  </system-out>
  <testcase classname="test_ng.fail_1" name="TC2" time="0.000"/>
  <system-out>
    <![CDATA[running TC2]]>
  </system-out>
  <testcase classname="test_ng.fail_1" name="TC3" time="0.000"/>
  <system-out>
    <![CDATA[running TC3]]>
  </system-out>
</testsuite> <!-- test_ng.fail_1 -->
