<?xml version="1.0" encoding="UTF-8"?>
<!-- Generated by org.testng.reporters.JUnitReportReporter -->
<testsuite hostname="DESKTOP-NPHJ5EO" failures="0" tests="10" name="TestNg.invocation_count" time="0.020" errors="0" timestamp="2022-06-18T16:14:21 IST" skipped="0">
  <testcase classname="TestNg.invocation_count" name="m1" time="0.002"/>
  <system-out>
    <![CDATA[My name is Mahesh]]>
  </system-out>
  <testcase classname="TestNg.invocation_count" name="m1" time="0.001"/>
  <system-out>
    <![CDATA[My name is Mahesh]]>
  </system-out>
  <testcase classname="TestNg.invocation_count" name="m5" time="0.001"/>
  <system-out>
    <![CDATA[My name is Mahesh]]>
  </system-out>
  <testcase classname="TestNg.invocation_count" name="m1" time="0.001"/>
  <system-out>
    <![CDATA[My name is Mahesh]]>
  </system-out>
  <testcase classname="TestNg.invocation_count" name="m5" time="0.001"/>
  <system-out>
    <![CDATA[My name is Mahesh]]>
  </system-out>
  <testcase classname="TestNg.invocation_count" name="m5" time="0.001"/>
  <system-out>
    <![CDATA[My name is Mahesh]]>
  </system-out>
  <testcase classname="TestNg.invocation_count" name="m1" time="0.009"/>
  <system-out>
    <![CDATA[My name is Mahesh]]>
  </system-out>
  <testcase classname="TestNg.invocation_count" name="m5" time="0.002"/>
  <system-out>
    <![CDATA[My name is Mahesh]]>
  </system-out>
  <testcase classname="TestNg.invocation_count" name="m1" time="0.001"/>
  <system-out>
    <![CDATA[My name is Mahesh]]>
  </system-out>
  <testcase classname="TestNg.invocation_count" name="m5" time="0.001"/>
  <system-out>
    <![CDATA[My name is Mahesh]]>
  </system-out>
</testsuite> <!-- TestNg.invocation_count -->
