<?xml version="1.0" encoding="UTF-8"?>
<!-- Generated by org.testng.reporters.JUnitReportReporter -->
<testsuite hostname="DESKTOP-NPHJ5EO" failures="0" tests="2" name="TestNg.priority" time="0.008" errors="0" timestamp="2022-06-16T22:00:59 IST" skipped="0">
  <testcase classname="TestNg.priority" name="m2" time="0.007"/>
  <system-out>
    <![CDATA[My name is Mahesh]]>
  </system-out>
  <testcase classname="TestNg.priority" name="m1" time="0.001"/>
  <system-out>
    <![CDATA[My name is Mahesh]]>
  </system-out>
</testsuite> <!-- TestNg.priority -->
