<?xml version="1.0" encoding="UTF-8"?>
<!-- Generated by org.testng.reporters.JUnitReportReporter -->
<testsuite hostname="DESKTOP-NPHJ5EO" failures="0" tests="1" name="testeng_1.sample_1" time="0.010" errors="0" timestamp="2022-06-17T23:20:56 IST" skipped="0">
  <testcase classname="testeng_1.sample_1" name="TC_1" time="0.010"/>
  <system-out/>
</testsuite> <!-- testeng_1.sample_1 -->
