<?xml version="1.0" encoding="UTF-8"?>
<!-- Generated by org.testng.reporters.JUnitReportReporter -->
<testsuite hostname="DESKTOP-NPHJ5EO" failures="0" tests="2" name="TestNg.emailable_report" time="0.017" errors="0" timestamp="2022-06-15T22:18:10 IST" skipped="0">
  <testcase classname="TestNg.emailable_report" name="m2" time="0.004"/>
  <system-out>
    <![CDATA[Running method m2]]>
  </system-out>
  <testcase classname="TestNg.emailable_report" name="m1" time="0.013"/>
  <system-out>
    <![CDATA[Running method m1]]>
  </system-out>
</testsuite> <!-- TestNg.emailable_report -->
