<?xml version="1.0" encoding="UTF-8"?>
<!-- Generated by org.testng.reporters.JUnitReportReporter -->
<testsuite hostname="DESKTOP-NPHJ5EO" failures="0" tests="2" name="TestNg.assert_not_null" time="0.010" errors="0" timestamp="2022-06-18T16:07:14 IST" skipped="0">
  <testcase classname="TestNg.assert_not_null" name="m1" time="0.010"/>
  <system-out/>
  <testcase classname="TestNg.assert_not_null" name="m2" time="0.000"/>
  <system-out/>
</testsuite> <!-- TestNg.assert_not_null -->
