<?xml version="1.0" encoding="UTF-8"?>
<!-- Generated by org.testng.reporters.JUnitReportReporter -->
<testsuite hostname="DESKTOP-NPHJ5EO" failures="0" tests="2" name="TestNg.assert_null" time="0.009" errors="0" timestamp="2022-06-18T16:05:07 IST" skipped="0">
  <testcase classname="TestNg.assert_null" name="m2" time="0.001"/>
  <system-out/>
  <testcase classname="TestNg.assert_null" name="m1" time="0.008"/>
  <system-out/>
</testsuite> <!-- TestNg.assert_null -->
