<?xml version="1.0" encoding="UTF-8"?>
<!-- Generated by org.testng.reporters.JUnitReportReporter -->
<testsuite hostname="DESKTOP-NPHJ5EO" failures="0" tests="3" name="TestNg.demo_" time="0.014" errors="0" timestamp="2022-06-26T09:34:14 IST" skipped="0">
  <testcase classname="TestNg.demo_" name="m1" time="0.011"/>
  <system-out>
    <![CDATA[Hii]]>
  </system-out>
  <testcase classname="TestNg.demo_" name="m2" time="0.002"/>
  <system-out>
    <![CDATA[Hii]]>
  </system-out>
  <testcase classname="TestNg.demo_" name="m3" time="0.001"/>
  <system-out>
    <![CDATA[Hii]]>
  </system-out>
</testsuite> <!-- TestNg.demo_ -->
