<?xml version="1.0" encoding="UTF-8"?>
<!-- Generated by org.testng.reporters.JUnitReportReporter -->
<testsuite hostname="DESKTOP-NPHJ5EO" failures="0" tests="3" name="test_ng.fail_2" time="0.005" errors="0" timestamp="2022-06-16T22:14:32 IST" skipped="0">
  <testcase classname="test_ng.fail_2" name="TC5" time="0.002"/>
  <system-out>
    <![CDATA[running TC5]]>
  </system-out>
  <testcase classname="test_ng.fail_2" name="TC6" time="0.002"/>
  <system-out>
    <![CDATA[running TC6]]>
  </system-out>
  <testcase classname="test_ng.fail_2" name="TC4" time="0.001"/>
  <system-out>
    <![CDATA[running TC4]]>
  </system-out>
</testsuite> <!-- test_ng.fail_2 -->
