<?xml version="1.0" encoding="UTF-8"?>
<!-- Generated by org.testng.reporters.JUnitReportReporter -->
<testsuite hostname="DESKTOP-NPHJ5EO" failures="0" tests="2" name="Test_Suite.sample_1" time="0.004" errors="0" timestamp="2022-07-03T15:26:43 IST" skipped="0">
  <testcase classname="Test_Suite.sample_1" name="tc2" time="0.002"/>
  <system-out/>
  <testcase classname="Test_Suite.sample_1" name="tc1" time="0.002"/>
  <system-out/>
</testsuite> <!-- Test_Suite.sample_1 -->
