<?xml version="1.0" encoding="UTF-8"?>
<!-- Generated by org.testng.reporters.JUnitReportReporter -->
<testsuite hostname="DESKTOP-NPHJ5EO" failures="0" tests="1" name="test_ng.Execution" time="0.006" errors="0" timestamp="2022-06-30T18:18:47 IST" skipped="0">
  <testcase classname="test_ng.Execution" name="verify" time="0.006"/>
  <system-out/>
</testsuite> <!-- test_ng.Execution -->
