<?xml version="1.0" encoding="UTF-8"?>
<!-- Generated by org.testng.reporters.JUnitReportReporter -->
<testsuite hostname="DESKTOP-NPHJ5EO" failures="0" tests="1" name="TestNg.normal_class" time="13.048" errors="0" timestamp="2022-06-16T22:03:42 IST" skipped="0">
  <testcase classname="TestNg.normal_class" name="m1" time="13.048"/>
  <system-out/>
</testsuite> <!-- TestNg.normal_class -->
