<?xml version="1.0" encoding="UTF-8"?>
<!-- Generated by org.testng.reporters.JUnitReportReporter -->
<testsuite hostname="DESKTOP-NPHJ5EO" failures="0" tests="1" name="Test_Suite.parallel_1" time="32.510" errors="0" timestamp="2022-08-14T12:18:07 IST" skipped="0">
  <testcase classname="Test_Suite.parallel_1" name="openFlipkartApp" time="32.510"/>
  <system-out/>
</testsuite> <!-- Test_Suite.parallel_1 -->
