<?xml version="1.0" encoding="UTF-8"?>
<!-- Generated by org.testng.reporters.JUnitReportReporter -->
<testsuite hostname="DESKTOP-NPHJ5EO" failures="0" tests="1" name="TestNg.prioritiy_different_scanrios" time="0.011" errors="0" timestamp="2022-06-26T09:16:27 IST" skipped="0">
  <testcase classname="TestNg.prioritiy_different_scanrios" name="Login" time="0.011"/>
  <system-out>
    <![CDATA[My name is Mahesh]]>
  </system-out>
</testsuite> <!-- TestNg.prioritiy_different_scanrios -->
