<?xml version="1.0" encoding="UTF-8"?>
<!-- Generated by org.testng.reporters.JUnitReportReporter -->
<testsuite hostname="DESKTOP-NPHJ5EO" failures="0" tests="1" name="Test_Suite.parallel_3" time="13.968" errors="0" timestamp="2022-07-03T15:12:57 IST" skipped="0">
  <testcase classname="Test_Suite.parallel_3" name="openkiteZeodhaApp" time="13.968"/>
  <system-out/>
</testsuite> <!-- Test_Suite.parallel_3 -->
