<?xml version="1.0" encoding="UTF-8"?>
<!-- Generated by org.testng.reporters.JUnitReportReporter -->
<testsuite hostname="DESKTOP-NPHJ5EO" failures="0" tests="5" name="test_ng.invocation_count" time="0.015" errors="0" timestamp="2022-06-16T22:05:11 IST" skipped="0">
  <testcase classname="test_ng.invocation_count" name="m1" time="0.003"/>
  <system-out>
    <![CDATA[This is First Test Case]]>
  </system-out>
  <testcase classname="test_ng.invocation_count" name="m1" time="0.001"/>
  <system-out>
    <![CDATA[This is First Test Case]]>
  </system-out>
  <testcase classname="test_ng.invocation_count" name="m1" time="0.001"/>
  <system-out>
    <![CDATA[This is First Test Case]]>
  </system-out>
  <testcase classname="test_ng.invocation_count" name="m1" time="0.008"/>
  <system-out>
    <![CDATA[This is First Test Case]]>
  </system-out>
  <testcase classname="test_ng.invocation_count" name="m1" time="0.002"/>
  <system-out>
    <![CDATA[This is First Test Case]]>
  </system-out>
</testsuite> <!-- test_ng.invocation_count -->
